valgrind-3.13.0
mpiexec (OpenRTE) 4.0.1
R Under development (unstable) (2019-04-03 r76310) -- "Unsuffered Consequences"
Copyright (C) 2019 The R Foundation for Statistical Computing
Platform: x86_64-pc-linux-gnu (64-bit)

R is free software and comes with ABSOLUTELY NO WARRANTY.
You are welcome to redistribute it under the terms of the
GNU General Public License versions 2 or 3.
For more information about these matters see
https://www.gnu.org/licenses/.

vg_mpi_init_1.log:==7371==    definitely lost: 69 bytes in 3 blocks
vg_mpi_init_1.log:==7371==    indirectly lost: 15 bytes in 1 blocks
vg_mpi_init_1.log:==7371==      possibly lost: 0 bytes in 0 blocks
vg_mpi_init_2.log:==7380==    definitely lost: 69 bytes in 3 blocks
vg_mpi_init_2.log:==7380==    indirectly lost: 15 bytes in 1 blocks
vg_mpi_init_2.log:==7380==      possibly lost: 0 bytes in 0 blocks
vg_mpi_init_3.log:==7389==    definitely lost: 69 bytes in 3 blocks
vg_mpi_init_3.log:==7389==    indirectly lost: 15 bytes in 1 blocks
vg_mpi_init_3.log:==7389==      possibly lost: 0 bytes in 0 blocks
vg_pbdMPI-Ex_allreduce.log:==7428==    definitely lost: 69 bytes in 3 blocks
vg_pbdMPI-Ex_allreduce.log:==7428==    indirectly lost: 15 bytes in 1 blocks
vg_pbdMPI-Ex_allreduce.log:==7428==      possibly lost: 0 bytes in 0 blocks
vg_pbdMPI-Ex_init.log:==7399==    definitely lost: 69 bytes in 3 blocks
vg_pbdMPI-Ex_init.log:==7399==    indirectly lost: 15 bytes in 1 blocks
vg_pbdMPI-Ex_init.log:==7399==      possibly lost: 0 bytes in 0 blocks
